<?xml version="1.0" encoding="UTF-8"?>
<!-- Generated by org.testng.reporters.JUnitXMLReporter -->
<testsuite ignored="0" hostname="DESKTOP-F1Q0CSU" failures="0" tests="3" name="Test" time="27.112" errors="0" timestamp="2021-07-26T14:06:38 IST">
  <testcase classname="VisitorManagement.EndToEndTest_visitorManagement" name="visitorManagemet_Login" time="0.191"/>
  <testcase classname="VisitorManagement.EndToEndTest_visitorManagement" name="visitorManagemet_Login" time="0.204"/>
  <testcase classname="VisitorManagement.EndToEndTest_visitorManagement" name="visitorManagemet_Login" time="0.194"/>
</testsuite> <!-- Test -->
