<?xml version="1.0" encoding="UTF-8"?>
<!-- Generated by org.testng.reporters.JUnitXMLReporter -->
<testsuite ignored="0" hostname="DESKTOP-F1Q0CSU" failures="9" tests="16" name="Test" time="150.891" errors="0" timestamp="2021-07-22T17:04:19 IST">
  <testcase classname="VisitorManagement.EndToEndTest_visitorManagement" name="VisitorManagement_AddBuilding" time="0.56">
    <failure type="org.openqa.selenium.ElementNotInteractableException" message="element not interactable
  (Session info: chrome=91.0.4472.164)
Build info: version: &amp;apos;4.0.0-alpha-6&amp;apos;, revision: &amp;apos;5f43a29cfc&amp;apos;
System info: host: &amp;apos;DESKTOP-F1Q0CSU&amp;apos;, ip: &amp;apos;192.168.8.186&amp;apos;, os.name: &amp;apos;Windows 10&amp;apos;, os.arch: &amp;apos;amd64&amp;apos;, os.version: &amp;apos;10.0&amp;apos;, java.version: &amp;apos;15.0.2&amp;apos;
Driver info: org.openqa.selenium.chrome.ChromeDriver
Capabilities {acceptInsecureCerts: false, browserName: chrome, browserVersion: 91.0.4472.164, chrome: {chromedriverVersion: 91.0.4472.101 (af52a90bf870..., userDataDir: C:\Users\Danudi\AppData\Loc...}, goog:chromeOptions: {debuggerAddress: localhost:14554}, javascriptEnabled: true, networkConnectionEnabled: false, pageLoadStrategy: normal, platform: WINDOWS, platformName: WINDOWS, proxy: Proxy(), setWindowRect: true, strictFileInteractability: false, timeouts: {implicit: 0, pageLoad: 300000, script: 30000}, unhandledPromptBehavior: dismiss and notify, webauthn:extension:largeBlob: true, webauthn:virtualAuthenticators: true}
Session ID: 6fb424a26b14fd5b91cc3e57380e7f32">
      <![CDATA[org.openqa.selenium.ElementNotInteractableException: element not interactable
  (Session info: chrome=91.0.4472.164)
Build info: version: '4.0.0-alpha-6', revision: '5f43a29cfc'
System info: host: 'DESKTOP-F1Q0CSU', ip: '192.168.8.186', os.name: 'Windows 10', os.arch: 'amd64', os.version: '10.0', java.version: '15.0.2'
Driver info: org.openqa.selenium.chrome.ChromeDriver
Capabilities {acceptInsecureCerts: false, browserName: chrome, browserVersion: 91.0.4472.164, chrome: {chromedriverVersion: 91.0.4472.101 (af52a90bf870..., userDataDir: C:\Users\Danudi\AppData\Loc...}, goog:chromeOptions: {debuggerAddress: localhost:14554}, javascriptEnabled: true, networkConnectionEnabled: false, pageLoadStrategy: normal, platform: WINDOWS, platformName: WINDOWS, proxy: Proxy(), setWindowRect: true, strictFileInteractability: false, timeouts: {implicit: 0, pageLoad: 300000, script: 30000}, unhandledPromptBehavior: dismiss and notify, webauthn:extension:largeBlob: true, webauthn:virtualAuthenticators: true}
Session ID: 6fb424a26b14fd5b91cc3e57380e7f32
at org.openqa.selenium.remote.codec.w3c.W3CHttpResponseCodec.createException(W3CHttpResponseCodec.java:196)
at org.openqa.selenium.remote.codec.w3c.W3CHttpResponseCodec.decode(W3CHttpResponseCodec.java:129)
at org.openqa.selenium.remote.codec.w3c.W3CHttpResponseCodec.decode(W3CHttpResponseCodec.java:53)
at org.openqa.selenium.remote.HttpCommandExecutor.execute(HttpCommandExecutor.java:160)
at org.openqa.selenium.remote.service.DriverCommandExecutor.execute(DriverCommandExecutor.java:83)
at org.openqa.selenium.remote.RemoteWebDriver.execute(RemoteWebDriver.java:582)
at org.openqa.selenium.remote.RemoteWebElement.execute(RemoteWebElement.java:316)
at org.openqa.selenium.remote.RemoteWebElement.sendKeys(RemoteWebElement.java:115)
at org.openqa.selenium.support.pagefactory.internal.LocatingElementHandler.invoke(LocatingElementHandler.java:52)
at com.sun.proxy.$Proxy17.sendKeys(Unknown Source)
at pageObjects.ManageBuildingsPageObjects.enterDataforAddBuilding(ManageBuildingsPageObjects.java:92)
at VisitorManagement.EndToEndTest_visitorManagement.VisitorManagement_AddBuilding(EndToEndTest_visitorManagement.java:55)
at java.base/java.util.ArrayList.forEach(ArrayList.java:1511)
... Removed 36 stack frames]]>
    </failure>
  </testcase> <!-- VisitorManagement_AddBuilding -->
  <testcase classname="VisitorManagement.EndToEndTest_visitorManagement" name="VisitorManagement_AddBuilding" time="0.328">
    <failure type="java.lang.NullPointerException" message="Cannot invoke &amp;quot;java.util.HashMap.get(Object)&amp;quot; because &amp;quot;testData6&amp;quot; is null">
      <![CDATA[java.lang.NullPointerException: Cannot invoke "java.util.HashMap.get(Object)" because "testData6" is null
at pageObjects.ManageBuildingsPageObjects.enterDataforAddBuilding(ManageBuildingsPageObjects.java:92)
at VisitorManagement.EndToEndTest_visitorManagement.VisitorManagement_AddBuilding(EndToEndTest_visitorManagement.java:55)
at java.base/java.util.ArrayList.forEach(ArrayList.java:1511)
... Removed 27 stack frames]]>
    </failure>
  </testcase> <!-- VisitorManagement_AddBuilding -->
  <testcase classname="VisitorManagement.EndToEndTest_visitorManagement" name="visitManagement_OverdueCheckedIn" time="0.608"/>
  <testcase classname="VisitorManagement.EndToEndTest_visitorManagement" name="visitManagement_OverdueCheckedIn" time="0.184">
    <failure type="java.lang.NullPointerException" message="Cannot invoke &amp;quot;java.util.HashMap.get(Object)&amp;quot; because &amp;quot;testData4&amp;quot; is null">
      <![CDATA[java.lang.NullPointerException: Cannot invoke "java.util.HashMap.get(Object)" because "testData4" is null
at pageObjects.OverdueCheckedInPageObjects.enterCheckedIndata(OverdueCheckedInPageObjects.java:35)
at VisitorManagement.EndToEndTest_visitorManagement.visitManagement_OverdueCheckedIn(EndToEndTest_visitorManagement.java:65)
at java.base/java.util.ArrayList.forEach(ArrayList.java:1511)
... Removed 27 stack frames]]>
    </failure>
  </testcase> <!-- visitManagement_OverdueCheckedIn -->
  <testcase classname="VisitorManagement.EndToEndTest_visitorManagement" name="visitmanagement_ManageBuildings" time="0.563"/>
  <testcase classname="VisitorManagement.EndToEndTest_visitorManagement" name="visitmanagement_ManageBuildings" time="0.183">
    <failure type="java.lang.NullPointerException" message="Cannot invoke &amp;quot;java.util.HashMap.get(Object)&amp;quot; because &amp;quot;testData5&amp;quot; is null">
      <![CDATA[java.lang.NullPointerException: Cannot invoke "java.util.HashMap.get(Object)" because "testData5" is null
at pageObjects.ManageBuildingsPageObjects.enterDataForSearchBuilding(ManageBuildingsPageObjects.java:78)
at VisitorManagement.EndToEndTest_visitorManagement.visitmanagement_ManageBuildings(EndToEndTest_visitorManagement.java:43)
at java.base/java.util.ArrayList.forEach(ArrayList.java:1511)
... Removed 27 stack frames]]>
    </failure>
  </testcase> <!-- visitmanagement_ManageBuildings -->
  <testcase classname="VisitorManagement.EndToEndTest_visitorManagement" name="visitorManagement_CheckInVisitors" time="1.085">
    <failure type="java.lang.Exception" message="value is not presentin dropdown for webelement[[ChromeDriver: chrome on WINDOWS (43db10c6fbf8d131cd024b0e7641736f)] -&amp;gt; xpath: //*[@id=&amp;quot;building&amp;quot;]]value to be selected isAbcd">
      <![CDATA[java.lang.Exception: value is not presentin dropdown for webelement[[ChromeDriver: chrome on WINDOWS (43db10c6fbf8d131cd024b0e7641736f)] -> xpath: //*[@id="building"]]value to be selected isAbcd
at reusableComponents.CommonMethods.selectDropdownData(CommonMethods.java:17)
at pageObjects.CheckInVisitorPageObjects.enterCheckInVisitorsData(CheckInVisitorPageObjects.java:101)
at VisitorManagement.EndToEndTest_visitorManagement.visitorManagement_CheckInVisitors(EndToEndTest_visitorManagement.java:91)
at java.base/java.util.ArrayList.forEach(ArrayList.java:1511)
... Removed 27 stack frames]]>
    </failure>
  </testcase> <!-- visitorManagement_CheckInVisitors -->
  <testcase classname="VisitorManagement.EndToEndTest_visitorManagement" name="visitorManagement_CheckInVisitors" time="0.211">
    <failure type="java.lang.NullPointerException" message="Cannot invoke &amp;quot;java.util.HashMap.get(Object)&amp;quot; because &amp;quot;testData2&amp;quot; is null">
      <![CDATA[java.lang.NullPointerException: Cannot invoke "java.util.HashMap.get(Object)" because "testData2" is null
at pageObjects.CheckInVisitorPageObjects.enterCheckInVisitorsData(CheckInVisitorPageObjects.java:96)
at VisitorManagement.EndToEndTest_visitorManagement.visitorManagement_CheckInVisitors(EndToEndTest_visitorManagement.java:91)
at java.base/java.util.ArrayList.forEach(ArrayList.java:1511)
... Removed 27 stack frames]]>
    </failure>
  </testcase> <!-- visitorManagement_CheckInVisitors -->
  <testcase classname="VisitorManagement.EndToEndTest_visitorManagement" name="visitorManagement_CheckedInVisitors" time="0.638"/>
  <testcase classname="VisitorManagement.EndToEndTest_visitorManagement" name="visitorManagement_CheckedInVisitors" time="0.578"/>
  <testcase classname="VisitorManagement.EndToEndTest_visitorManagement" name="visitorManagement_CheckedInVisitors" time="0.25">
    <failure type="java.lang.NullPointerException" message="Cannot invoke &amp;quot;java.util.HashMap.get(Object)&amp;quot; because &amp;quot;testData3&amp;quot; is null">
      <![CDATA[java.lang.NullPointerException: Cannot invoke "java.util.HashMap.get(Object)" because "testData3" is null
at pageObjects.CheckedInVisitorsPageObjects.enterCheckedIndata(CheckedInVisitorsPageObjects.java:34)
at VisitorManagement.EndToEndTest_visitorManagement.visitorManagement_CheckedInVisitors(EndToEndTest_visitorManagement.java:79)
at java.base/java.util.ArrayList.forEach(ArrayList.java:1511)
... Removed 27 stack frames]]>
    </failure>
  </testcase> <!-- visitorManagement_CheckedInVisitors -->
  <testcase classname="VisitorManagement.EndToEndTest_visitorManagement" name="visitorManagement_CheckedOutVisitors" time="0.574"/>
  <testcase classname="VisitorManagement.EndToEndTest_visitorManagement" name="visitorManagement_CheckedOutVisitors" time="0.199">
    <failure type="java.lang.NullPointerException" message="Cannot invoke &amp;quot;java.util.HashMap.get(Object)&amp;quot; because &amp;quot;testData1&amp;quot; is null">
      <![CDATA[java.lang.NullPointerException: Cannot invoke "java.util.HashMap.get(Object)" because "testData1" is null
at pageObjects.CheckedOutVisitorsPageObjects.enterCheckedOutData(CheckedOutVisitorsPageObjects.java:38)
at VisitorManagement.EndToEndTest_visitorManagement.visitorManagement_CheckedOutVisitors(EndToEndTest_visitorManagement.java:102)
at java.base/java.util.ArrayList.forEach(ArrayList.java:1511)
... Removed 27 stack frames]]>
    </failure>
  </testcase> <!-- visitorManagement_CheckedOutVisitors -->
  <testcase classname="VisitorManagement.EndToEndTest_visitorManagement" name="visitorManagemet_Login" time="0.501"/>
  <testcase classname="VisitorManagement.EndToEndTest_visitorManagement" name="visitorManagemet_Login" time="0.456"/>
  <testcase classname="VisitorManagement.EndToEndTest_visitorManagement" name="visitorManagemet_Login" time="0.157">
    <failure type="java.lang.NullPointerException" message="Cannot invoke &amp;quot;java.util.HashMap.get(Object)&amp;quot; because &amp;quot;testData&amp;quot; is null">
      <![CDATA[java.lang.NullPointerException: Cannot invoke "java.util.HashMap.get(Object)" because "testData" is null
at pageObjects.LoginPageObjects.enterLoginData(LoginPageObjects.java:35)
at VisitorManagement.EndToEndTest_visitorManagement.visitorManagemet_Login(EndToEndTest_visitorManagement.java:31)
at java.base/java.util.ArrayList.forEach(ArrayList.java:1511)
... Removed 27 stack frames]]>
    </failure>
  </testcase> <!-- visitorManagemet_Login -->
</testsuite> <!-- Test -->
