<?xml version="1.0" encoding="UTF-8"?>
<testng-results ignored="0" total="2" passed="2" failed="0" skipped="0">
  <reporter-output>
  </reporter-output>
  <suite started-at="2021-07-23T16:45:56 IST" name="Suite" finished-at="2021-07-23T16:46:17 IST" duration-ms="21577">
    <groups>
    </groups>
    <test started-at="2021-07-23T16:45:56 IST" name="Test" finished-at="2021-07-23T16:46:17 IST" duration-ms="21577">
      <class name="VisitorManagement.EndToEndTest_visitorManagement">
        <test-method is-config="true" signature="setupMethod()[pri:0, instance:VisitorManagement.EndToEndTest_visitorManagement@3918c187]" started-at="2021-07-23T16:45:56 IST" name="setupMethod" finished-at="2021-07-23T16:46:05 IST" duration-ms="9249" status="PASS">
          <reporter-output>
          </reporter-output>
        </test-method> <!-- setupMethod -->
        <test-method signature="VisitorManagement_DeleteBuilding()[pri:0, instance:VisitorManagement.EndToEndTest_visitorManagement@3918c187]" started-at="2021-07-23T16:46:05 IST" name="VisitorManagement_DeleteBuilding" finished-at="2021-07-23T16:46:06 IST" duration-ms="412" status="PASS">
          <reporter-output>
          </reporter-output>
        </test-method> <!-- VisitorManagement_DeleteBuilding -->
        <test-method is-config="true" signature="cleanUp()[pri:0, instance:VisitorManagement.EndToEndTest_visitorManagement@3918c187]" started-at="2021-07-23T16:46:06 IST" name="cleanUp" finished-at="2021-07-23T16:46:07 IST" duration-ms="1149" status="PASS">
          <reporter-output>
          </reporter-output>
        </test-method> <!-- cleanUp -->
        <test-method is-config="true" signature="setupMethod()[pri:0, instance:VisitorManagement.EndToEndTest_visitorManagement@3918c187]" started-at="2021-07-23T16:46:07 IST" name="setupMethod" finished-at="2021-07-23T16:46:14 IST" duration-ms="7300" status="PASS">
          <reporter-output>
          </reporter-output>
        </test-method> <!-- setupMethod -->
        <test-method signature="VisitorManagement_DeleteFloor()[pri:0, instance:VisitorManagement.EndToEndTest_visitorManagement@3918c187]" started-at="2021-07-23T16:46:14 IST" name="VisitorManagement_DeleteFloor" finished-at="2021-07-23T16:46:17 IST" duration-ms="2404" status="PASS">
          <reporter-output>
          </reporter-output>
        </test-method> <!-- VisitorManagement_DeleteFloor -->
        <test-method is-config="true" signature="cleanUp()[pri:0, instance:VisitorManagement.EndToEndTest_visitorManagement@3918c187]" started-at="2021-07-23T16:46:17 IST" name="cleanUp" finished-at="2021-07-23T16:46:17 IST" duration-ms="818" status="PASS">
          <reporter-output>
          </reporter-output>
        </test-method> <!-- cleanUp -->
      </class> <!-- VisitorManagement.EndToEndTest_visitorManagement -->
    </test> <!-- Test -->
  </suite> <!-- Suite -->
</testng-results>
